<?xml version="1.0" encoding="UTF-8"?>
<!-- Generated by org.testng.reporters.JUnitXMLReporter -->
<testsuite hostname="kilvidiacademy" ignored="0" name="Test" tests="7" failures="3" timestamp="19 Dec 2018 23:41:04 GMT" time="66.072" errors="0">
  <testcase name="loginTest" time="1.365" classname="com.inetbanking.testCases.TC_LoginTest_001"/>
  <testcase name="LoginDDT" time="3.763" classname="com.inetbanking.testCases.TC_LoginDDT_002">
    <failure type="java.lang.AssertionError" message="expected [true] but found [false]">
      <![CDATA[java.lang.AssertionError: expected [true] but found [false]
at com.inetbanking.testCases.TC_LoginDDT_002.LoginDDT(TC_LoginDDT_002.java:52)
... Removed 33 stack frames]]>
    </failure>
  </testcase> <!-- LoginDDT -->
  <testcase name="LoginDDT" time="7.451" classname="com.inetbanking.testCases.TC_LoginDDT_002"/>
  <testcase name="LoginDDT" time="3.663" classname="com.inetbanking.testCases.TC_LoginDDT_002">
    <failure type="java.lang.AssertionError" message="expected [true] but found [false]">
      <![CDATA[java.lang.AssertionError: expected [true] but found [false]
at com.inetbanking.testCases.TC_LoginDDT_002.LoginDDT(TC_LoginDDT_002.java:52)
... Removed 33 stack frames]]>
    </failure>
  </testcase> <!-- LoginDDT -->
  <testcase name="LoginDDT" time="7.421" classname="com.inetbanking.testCases.TC_LoginDDT_002"/>
  <testcase name="LoginDDT" time="3.66" classname="com.inetbanking.testCases.TC_LoginDDT_002">
    <failure type="java.lang.AssertionError" message="expected [true] but found [false]">
      <![CDATA[java.lang.AssertionError: expected [true] but found [false]
at com.inetbanking.testCases.TC_LoginDDT_002.LoginDDT(TC_LoginDDT_002.java:52)
... Removed 33 stack frames]]>
    </failure>
  </testcase> <!-- LoginDDT -->
  <testcase name="addNewCustomer" time="17.872" classname="com.inetbanking.testCases.TC_AddCustomerTest_003"/>
</testsuite> <!-- Test -->
