<?xml version="1.0" encoding="UTF-8"?>
<testng-results skipped="0" failed="0" ignored="0" total="2" passed="2">
  <reporter-output>
  </reporter-output>
  <suite name="Suite" duration-ms="31703" started-at="2019-02-06T01:14:33Z" finished-at="2019-02-06T01:15:05Z">
    <groups>
    </groups>
    <test name="Test" duration-ms="31703" started-at="2019-02-06T01:14:33Z" finished-at="2019-02-06T01:15:05Z">
      <class name="com.inetbanking.testCases.TC_LoginTest_001">
        <test-method status="PASS" signature="setup(java.lang.String)[pri:0, instance:com.inetbanking.testCases.TC_LoginTest_001@4de8b406]" name="setup" is-config="true" duration-ms="6084" started-at="2019-02-06T01:14:33Z" finished-at="2019-02-06T01:14:40Z">
          <params>
            <param index="0">
              <value>
                <![CDATA[chrome]]>
              </value>
            </param>
          </params>
          <reporter-output>
          </reporter-output>
        </test-method> <!-- setup -->
        <test-method status="PASS" signature="loginTest()[pri:0, instance:com.inetbanking.testCases.TC_LoginTest_001@4de8b406]" name="loginTest" duration-ms="1169" started-at="2019-02-06T01:14:40Z" finished-at="2019-02-06T01:14:41Z">
          <reporter-output>
          </reporter-output>
        </test-method> <!-- loginTest -->
        <test-method status="PASS" signature="tearDownTest()[pri:0, instance:com.inetbanking.testCases.TC_LoginTest_001@4de8b406]" name="tearDownTest" is-config="true" duration-ms="661" started-at="2019-02-06T01:14:41Z" finished-at="2019-02-06T01:14:41Z">
          <reporter-output>
          </reporter-output>
        </test-method> <!-- tearDownTest -->
        <test-method status="PASS" signature="tearDown()[pri:0, instance:com.inetbanking.testCases.TC_LoginTest_001@4de8b406]" name="tearDown" is-config="true" duration-ms="0" started-at="2019-02-06T01:14:41Z" finished-at="2019-02-06T01:14:41Z">
          <reporter-output>
          </reporter-output>
        </test-method> <!-- tearDown -->
      </class> <!-- com.inetbanking.testCases.TC_LoginTest_001 -->
      <class name="com.inetbanking.testCases.TC_AddCustomerTest_003">
        <test-method status="PASS" signature="setup(java.lang.String)[pri:0, instance:com.inetbanking.testCases.TC_AddCustomerTest_003@3c756e4d]" name="setup" is-config="true" duration-ms="4947" started-at="2019-02-06T01:14:41Z" finished-at="2019-02-06T01:14:46Z">
          <params>
            <param index="0">
              <value>
                <![CDATA[chrome]]>
              </value>
            </param>
          </params>
          <reporter-output>
          </reporter-output>
        </test-method> <!-- setup -->
        <test-method status="PASS" signature="addNewCustomer()[pri:0, instance:com.inetbanking.testCases.TC_AddCustomerTest_003@3c756e4d]" name="addNewCustomer" duration-ms="18051" started-at="2019-02-06T01:14:46Z" finished-at="2019-02-06T01:15:04Z">
          <reporter-output>
          </reporter-output>
        </test-method> <!-- addNewCustomer -->
        <test-method status="PASS" signature="tearDown()[pri:0, instance:com.inetbanking.testCases.TC_AddCustomerTest_003@3c756e4d]" name="tearDown" is-config="true" duration-ms="620" started-at="2019-02-06T01:15:04Z" finished-at="2019-02-06T01:15:05Z">
          <reporter-output>
          </reporter-output>
        </test-method> <!-- tearDown -->
      </class> <!-- com.inetbanking.testCases.TC_AddCustomerTest_003 -->
    </test> <!-- Test -->
  </suite> <!-- Suite -->
</testng-results>
