<?xml version="1.0" encoding="UTF-8"?>
<testng-results skipped="0" failed="0" ignored="0" total="1" passed="1">
  <reporter-output>
  </reporter-output>
  <suite name="Suite" duration-ms="25228" started-at="2018-12-19T17:52:55Z" finished-at="2018-12-19T17:53:20Z">
    <groups>
    </groups>
    <test name="Test" duration-ms="25228" started-at="2018-12-19T17:52:55Z" finished-at="2018-12-19T17:53:20Z">
      <class name="com.inetbanking.testCases.TC_AddCustomerTest_003">
        <test-method status="PASS" signature="setup(java.lang.String)[pri:0, instance:com.inetbanking.testCases.TC_AddCustomerTest_003@1ce92674]" name="setup" is-config="true" duration-ms="6405" started-at="2018-12-19T17:52:55Z" finished-at="2018-12-19T17:53:02Z">
          <params>
            <param index="0">
              <value>
                <![CDATA[chrome]]>
              </value>
            </param>
          </params>
          <reporter-output>
          </reporter-output>
        </test-method> <!-- setup -->
        <test-method status="PASS" signature="addNewCustomer()[pri:0, instance:com.inetbanking.testCases.TC_AddCustomerTest_003@1ce92674]" name="addNewCustomer" duration-ms="17932" started-at="2018-12-19T17:53:02Z" finished-at="2018-12-19T17:53:19Z">
          <reporter-output>
          </reporter-output>
        </test-method> <!-- addNewCustomer -->
        <test-method status="PASS" signature="tearDown()[pri:0, instance:com.inetbanking.testCases.TC_AddCustomerTest_003@1ce92674]" name="tearDown" is-config="true" duration-ms="729" started-at="2018-12-19T17:53:19Z" finished-at="2018-12-19T17:53:20Z">
          <reporter-output>
          </reporter-output>
        </test-method> <!-- tearDown -->
      </class> <!-- com.inetbanking.testCases.TC_AddCustomerTest_003 -->
    </test> <!-- Test -->
  </suite> <!-- Suite -->
</testng-results>
